{"C:\\Users\\guilh\\Downloads\\simple-articles-crud\\src\\data-source.ts": {"path":"C:\\Users\\guilh\\Downloads\\simple-articles-crud\\src\\data-source.ts","statementMap":{"0":{"start":{"line":1,"column":0},"end":{"line":1,"column":37}},"1":{"start":{"line":2,"column":0},"end":{"line":2,"column":33}},"2":{"start":{"line":3,"column":0},"end":{"line":3,"column":58}},"3":{"start":{"line":4,"column":0},"end":{"line":4,"column":46}},"4":{"start":{"line":5,"column":0},"end":{"line":5,"column":52}},"5":{"start":{"line":6,"column":0},"end":{"line":6,"column":16}},"6":{"start":{"line":8,"column":13},"end":{"line":19,"column":3}}},"fnMap":{},"branchMap":{"0":{"loc":{"start":{"line":10,"column":8},"end":{"line":10,"column":48}},"type":"binary-expr","locations":[{"start":{"line":10,"column":8},"end":{"line":10,"column":33}},{"start":{"line":10,"column":37},"end":{"line":10,"column":48}}]},"1":{"loc":{"start":{"line":11,"column":10},"end":{"line":11,"column":43}},"type":"binary-expr","locations":[{"start":{"line":11,"column":10},"end":{"line":11,"column":35}},{"start":{"line":11,"column":39},"end":{"line":11,"column":43}}]},"2":{"loc":{"start":{"line":12,"column":12},"end":{"line":12,"column":51}},"type":"binary-expr","locations":[{"start":{"line":12,"column":12},"end":{"line":12,"column":37}},{"start":{"line":12,"column":41},"end":{"line":12,"column":51}}]},"3":{"loc":{"start":{"line":13,"column":12},"end":{"line":13,"column":55}},"type":"binary-expr","locations":[{"start":{"line":13,"column":12},"end":{"line":13,"column":41}},{"start":{"line":13,"column":45},"end":{"line":13,"column":55}}]},"4":{"loc":{"start":{"line":14,"column":12},"end":{"line":14,"column":54}},"type":"binary-expr","locations":[{"start":{"line":14,"column":12},"end":{"line":14,"column":37}},{"start":{"line":14,"column":41},"end":{"line":14,"column":54}}]}},"s":{"0":3,"1":3,"2":3,"3":3,"4":3,"5":3,"6":3},"f":{},"b":{"0":[3,0],"1":[3,0],"2":[3,0],"3":[3,0],"4":[3,0]}}
,"C:\\Users\\guilh\\Downloads\\simple-articles-crud\\src\\articles\\articles.service.ts": {"path":"C:\\Users\\guilh\\Downloads\\simple-articles-crud\\src\\articles\\articles.service.ts","statementMap":{"0":{"start":{"line":1,"column":0},"end":{"line":1,"column":63}},"1":{"start":{"line":2,"column":0},"end":{"line":2,"column":47}},"2":{"start":{"line":3,"column":0},"end":{"line":3,"column":53}},"3":{"start":{"line":4,"column":0},"end":{"line":4,"column":47}},"4":{"start":{"line":7,"column":7},"end":{"line":38,"column":null}},"5":{"start":{"line":8,"column":10},"end":{"line":8,"column":54}},"6":{"start":{"line":9,"column":10},"end":{"line":9,"column":55}},"7":{"start":{"line":12,"column":17},"end":{"line":12,"column":70}},"8":{"start":{"line":13,"column":4},"end":{"line":13,"column":63}},"9":{"start":{"line":13,"column":15},"end":{"line":13,"column":63}},"10":{"start":{"line":14,"column":16},"end":{"line":14,"column":98}},"11":{"start":{"line":15,"column":4},"end":{"line":15,"column":31}},"12":{"start":{"line":19,"column":4},"end":{"line":19,"column":28}},"13":{"start":{"line":23,"column":14},"end":{"line":23,"column":47}},"14":{"start":{"line":24,"column":4},"end":{"line":24,"column":42}},"15":{"start":{"line":24,"column":12},"end":{"line":24,"column":42}},"16":{"start":{"line":25,"column":4},"end":{"line":25,"column":13}},"17":{"start":{"line":29,"column":16},"end":{"line":29,"column":38}},"18":{"start":{"line":30,"column":4},"end":{"line":30,"column":32}},"19":{"start":{"line":31,"column":4},"end":{"line":31,"column":31}},"20":{"start":{"line":35,"column":16},"end":{"line":35,"column":38}},"21":{"start":{"line":36,"column":4},"end":{"line":36,"column":33}},"22":{"start":{"line":7,"column":13},"end":{"line":7,"column":28}},"23":{"start":{"line":7,"column":13},"end":{"line":38,"column":null}}},"fnMap":{"0":{"name":"(anonymous_1)","decl":{"start":{"line":7,"column":7},"end":{"line":7,"column":13}},"loc":{"start":{"line":7,"column":7},"end":{"line":38,"column":1}}},"1":{"name":"(anonymous_2)","decl":{"start":{"line":11,"column":2},"end":{"line":11,"column":7}},"loc":{"start":{"line":11,"column":69},"end":{"line":16,"column":3}}},"2":{"name":"(anonymous_3)","decl":{"start":{"line":18,"column":2},"end":{"line":18,"column":7}},"loc":{"start":{"line":18,"column":15},"end":{"line":20,"column":3}}},"3":{"name":"(anonymous_4)","decl":{"start":{"line":22,"column":2},"end":{"line":22,"column":7}},"loc":{"start":{"line":22,"column":26},"end":{"line":26,"column":3}}},"4":{"name":"(anonymous_5)","decl":{"start":{"line":28,"column":2},"end":{"line":28,"column":7}},"loc":{"start":{"line":28,"column":51},"end":{"line":32,"column":3}}},"5":{"name":"(anonymous_6)","decl":{"start":{"line":34,"column":2},"end":{"line":34,"column":7}},"loc":{"start":{"line":34,"column":24},"end":{"line":37,"column":3}}}},"branchMap":{"0":{"loc":{"start":{"line":13,"column":4},"end":{"line":13,"column":63}},"type":"if","locations":[{"start":{"line":13,"column":4},"end":{"line":13,"column":63}}]},"1":{"loc":{"start":{"line":24,"column":4},"end":{"line":24,"column":42}},"type":"if","locations":[{"start":{"line":24,"column":4},"end":{"line":24,"column":42}}]}},"s":{"0":1,"1":1,"2":1,"3":1,"4":1,"5":1,"6":1,"7":1,"8":1,"9":0,"10":1,"11":1,"12":1,"13":1,"14":1,"15":0,"16":1,"17":0,"18":0,"19":0,"20":0,"21":0,"22":1,"23":1},"f":{"0":1,"1":1,"2":1,"3":1,"4":0,"5":0},"b":{"0":[0],"1":[0]}}
,"C:\\Users\\guilh\\Downloads\\simple-articles-crud\\src\\auth\\auth.service.ts": {"path":"C:\\Users\\guilh\\Downloads\\simple-articles-crud\\src\\auth\\auth.service.ts","statementMap":{"0":{"start":{"line":1,"column":0},"end":{"line":1,"column":67}},"1":{"start":{"line":3,"column":0},"end":{"line":3,"column":33}},"2":{"start":{"line":4,"column":0},"end":{"line":4,"column":41}},"3":{"start":{"line":5,"column":0},"end":{"line":5,"column":47}},"4":{"start":{"line":6,"column":0},"end":{"line":6,"column":47}},"5":{"start":{"line":9,"column":7},"end":{"line":28,"column":null}},"6":{"start":{"line":11,"column":22},"end":{"line":11,"column":34}},"7":{"start":{"line":10,"column":10},"end":{"line":10,"column":55}},"8":{"start":{"line":14,"column":17},"end":{"line":14,"column":65}},"9":{"start":{"line":15,"column":4},"end":{"line":15,"column":27}},"10":{"start":{"line":15,"column":15},"end":{"line":15,"column":27}},"11":{"start":{"line":16,"column":18},"end":{"line":16,"column":59}},"12":{"start":{"line":17,"column":4},"end":{"line":20,"column":5}},"13":{"start":{"line":18,"column":36},"end":{"line":18,"column":47}},"14":{"start":{"line":19,"column":6},"end":{"line":19,"column":18}},"15":{"start":{"line":21,"column":4},"end":{"line":21,"column":16}},"16":{"start":{"line":25,"column":20},"end":{"line":25,"column":90}},"17":{"start":{"line":26,"column":4},"end":{"line":26,"column":59}},"18":{"start":{"line":9,"column":13},"end":{"line":9,"column":24}},"19":{"start":{"line":9,"column":13},"end":{"line":28,"column":null}}},"fnMap":{"0":{"name":"(anonymous_2)","decl":{"start":{"line":11,"column":2},"end":{"line":11,"column":22}},"loc":{"start":{"line":11,"column":44},"end":{"line":11,"column":48}}},"1":{"name":"(anonymous_3)","decl":{"start":{"line":13,"column":2},"end":{"line":13,"column":7}},"loc":{"start":{"line":13,"column":48},"end":{"line":22,"column":3}}},"2":{"name":"(anonymous_4)","decl":{"start":{"line":24,"column":2},"end":{"line":24,"column":7}},"loc":{"start":{"line":24,"column":23},"end":{"line":27,"column":3}}}},"branchMap":{"0":{"loc":{"start":{"line":15,"column":4},"end":{"line":15,"column":27}},"type":"if","locations":[{"start":{"line":15,"column":4},"end":{"line":15,"column":27}}]},"1":{"loc":{"start":{"line":17,"column":4},"end":{"line":20,"column":5}},"type":"if","locations":[{"start":{"line":17,"column":4},"end":{"line":20,"column":5}}]}},"s":{"0":1,"1":1,"2":1,"3":1,"4":1,"5":1,"6":1,"7":1,"8":1,"9":1,"10":0,"11":1,"12":1,"13":1,"14":1,"15":0,"16":1,"17":1,"18":1,"19":1},"f":{"0":1,"1":1,"2":1},"b":{"0":[0],"1":[1]}}
,"C:\\Users\\guilh\\Downloads\\simple-articles-crud\\src\\entities\\article.entity.ts": {"path":"C:\\Users\\guilh\\Downloads\\simple-articles-crud\\src\\entities\\article.entity.ts","statementMap":{"0":{"start":{"line":1,"column":0},"end":{"line":1,"column":94}},"1":{"start":{"line":2,"column":0},"end":{"line":2,"column":37}},"2":{"start":{"line":5,"column":7},"end":{"line":20,"column":null}},"3":{"start":{"line":5,"column":13},"end":{"line":5,"column":20}},"4":{"start":{"line":7,"column":2},"end":{"line":7,"column":null}},"5":{"start":{"line":10,"column":2},"end":{"line":10,"column":null}},"6":{"start":{"line":13,"column":2},"end":{"line":13,"column":null}},"7":{"start":{"line":16,"column":2},"end":{"line":16,"column":null}},"8":{"start":{"line":19,"column":2},"end":{"line":19,"column":null}},"9":{"start":{"line":18,"column":19},"end":{"line":18,"column":23}},"10":{"start":{"line":18,"column":33},"end":{"line":18,"column":46}},"11":{"start":{"line":5,"column":13},"end":{"line":20,"column":null}}},"fnMap":{"0":{"name":"(anonymous_2)","decl":{"start":{"line":18,"column":13},"end":{"line":18,"column":16}},"loc":{"start":{"line":18,"column":19},"end":{"line":18,"column":23}}},"1":{"name":"(anonymous_3)","decl":{"start":{"line":18,"column":25},"end":{"line":18,"column":29}},"loc":{"start":{"line":18,"column":33},"end":{"line":18,"column":46}}}},"branchMap":{},"s":{"0":3,"1":3,"2":3,"3":3,"4":3,"5":3,"6":3,"7":3,"8":3,"9":3,"10":3,"11":3},"f":{"0":3,"1":3},"b":{}}
,"C:\\Users\\guilh\\Downloads\\simple-articles-crud\\src\\entities\\permission.entity.ts": {"path":"C:\\Users\\guilh\\Downloads\\simple-articles-crud\\src\\entities\\permission.entity.ts","statementMap":{"0":{"start":{"line":1,"column":0},"end":{"line":1,"column":76}},"1":{"start":{"line":2,"column":0},"end":{"line":2,"column":37}},"2":{"start":{"line":5,"column":7},"end":{"line":17,"column":null}},"3":{"start":{"line":5,"column":13},"end":{"line":5,"column":23}},"4":{"start":{"line":7,"column":2},"end":{"line":7,"column":null}},"5":{"start":{"line":10,"column":2},"end":{"line":10,"column":null}},"6":{"start":{"line":13,"column":2},"end":{"line":13,"column":null}},"7":{"start":{"line":16,"column":2},"end":{"line":16,"column":null}},"8":{"start":{"line":15,"column":19},"end":{"line":15,"column":23}},"9":{"start":{"line":15,"column":33},"end":{"line":15,"column":48}},"10":{"start":{"line":5,"column":13},"end":{"line":17,"column":null}}},"fnMap":{"0":{"name":"(anonymous_2)","decl":{"start":{"line":15,"column":13},"end":{"line":15,"column":16}},"loc":{"start":{"line":15,"column":19},"end":{"line":15,"column":23}}},"1":{"name":"(anonymous_3)","decl":{"start":{"line":15,"column":25},"end":{"line":15,"column":29}},"loc":{"start":{"line":15,"column":33},"end":{"line":15,"column":48}}}},"branchMap":{},"s":{"0":3,"1":3,"2":3,"3":3,"4":3,"5":3,"6":3,"7":3,"8":3,"9":3,"10":3},"f":{"0":3,"1":3},"b":{}}
,"C:\\Users\\guilh\\Downloads\\simple-articles-crud\\src\\entities\\user.entity.ts": {"path":"C:\\Users\\guilh\\Downloads\\simple-articles-crud\\src\\entities\\user.entity.ts","statementMap":{"0":{"start":{"line":1,"column":0},"end":{"line":1,"column":87}},"1":{"start":{"line":2,"column":0},"end":{"line":2,"column":49}},"2":{"start":{"line":3,"column":0},"end":{"line":3,"column":43}},"3":{"start":{"line":6,"column":7},"end":{"line":24,"column":null}},"4":{"start":{"line":6,"column":13},"end":{"line":6,"column":17}},"5":{"start":{"line":8,"column":2},"end":{"line":8,"column":null}},"6":{"start":{"line":11,"column":2},"end":{"line":11,"column":null}},"7":{"start":{"line":14,"column":2},"end":{"line":14,"column":null}},"8":{"start":{"line":17,"column":2},"end":{"line":17,"column":null}},"9":{"start":{"line":20,"column":2},"end":{"line":20,"column":null}},"10":{"start":{"line":19,"column":19},"end":{"line":19,"column":29}},"11":{"start":{"line":19,"column":39},"end":{"line":19,"column":49}},"12":{"start":{"line":23,"column":2},"end":{"line":23,"column":null}},"13":{"start":{"line":22,"column":19},"end":{"line":22,"column":26}},"14":{"start":{"line":22,"column":39},"end":{"line":22,"column":53}},"15":{"start":{"line":6,"column":13},"end":{"line":24,"column":null}}},"fnMap":{"0":{"name":"(anonymous_2)","decl":{"start":{"line":19,"column":13},"end":{"line":19,"column":16}},"loc":{"start":{"line":19,"column":19},"end":{"line":19,"column":29}}},"1":{"name":"(anonymous_3)","decl":{"start":{"line":19,"column":31},"end":{"line":19,"column":35}},"loc":{"start":{"line":19,"column":39},"end":{"line":19,"column":49}}},"2":{"name":"(anonymous_4)","decl":{"start":{"line":22,"column":13},"end":{"line":22,"column":16}},"loc":{"start":{"line":22,"column":19},"end":{"line":22,"column":26}}},"3":{"name":"(anonymous_5)","decl":{"start":{"line":22,"column":28},"end":{"line":22,"column":35}},"loc":{"start":{"line":22,"column":39},"end":{"line":22,"column":53}}}},"branchMap":{},"s":{"0":3,"1":3,"2":3,"3":3,"4":3,"5":3,"6":3,"7":3,"8":3,"9":3,"10":3,"11":3,"12":3,"13":3,"14":3,"15":3},"f":{"0":3,"1":3,"2":3,"3":3},"b":{}}
,"C:\\Users\\guilh\\Downloads\\simple-articles-crud\\src\\users\\users.service.ts": {"path":"C:\\Users\\guilh\\Downloads\\simple-articles-crud\\src\\users\\users.service.ts","statementMap":{"0":{"start":{"line":1,"column":0},"end":{"line":1,"column":63}},"1":{"start":{"line":2,"column":0},"end":{"line":2,"column":47}},"2":{"start":{"line":3,"column":0},"end":{"line":3,"column":47}},"3":{"start":{"line":4,"column":0},"end":{"line":4,"column":59}},"4":{"start":{"line":5,"column":0},"end":{"line":5,"column":33}},"5":{"start":{"line":8,"column":7},"end":{"line":51,"column":null}},"6":{"start":{"line":9,"column":10},"end":{"line":9,"column":51}},"7":{"start":{"line":10,"column":10},"end":{"line":10,"column":61}},"8":{"start":{"line":13,"column":54},"end":{"line":13,"column":58}},"9":{"start":{"line":14,"column":19},"end":{"line":14,"column":55}},"10":{"start":{"line":15,"column":4},"end":{"line":15,"column":55}},"11":{"start":{"line":15,"column":16},"end":{"line":15,"column":55}},"12":{"start":{"line":16,"column":17},"end":{"line":16,"column":48}},"13":{"start":{"line":17,"column":23},"end":{"line":19,"column":57}},"14":{"start":{"line":20,"column":17},"end":{"line":20,"column":78}},"15":{"start":{"line":21,"column":4},"end":{"line":21,"column":32}},"16":{"start":{"line":25,"column":4},"end":{"line":25,"column":28}},"17":{"start":{"line":29,"column":17},"end":{"line":29,"column":50}},"18":{"start":{"line":30,"column":4},"end":{"line":30,"column":45}},"19":{"start":{"line":30,"column":15},"end":{"line":30,"column":45}},"20":{"start":{"line":31,"column":4},"end":{"line":31,"column":16}},"21":{"start":{"line":35,"column":17},"end":{"line":35,"column":39}},"22":{"start":{"line":36,"column":4},"end":{"line":38,"column":5}},"23":{"start":{"line":37,"column":6},"end":{"line":37,"column":65}},"24":{"start":{"line":39,"column":4},"end":{"line":39,"column":33}},"25":{"start":{"line":40,"column":4},"end":{"line":40,"column":32}},"26":{"start":{"line":44,"column":17},"end":{"line":44,"column":39}},"27":{"start":{"line":45,"column":4},"end":{"line":45,"column":34}},"28":{"start":{"line":49,"column":4},"end":{"line":49,"column":51}},"29":{"start":{"line":8,"column":13},"end":{"line":8,"column":25}},"30":{"start":{"line":8,"column":13},"end":{"line":51,"column":null}}},"fnMap":{"0":{"name":"(anonymous_1)","decl":{"start":{"line":8,"column":7},"end":{"line":8,"column":13}},"loc":{"start":{"line":8,"column":7},"end":{"line":51,"column":1}}},"1":{"name":"(anonymous_2)","decl":{"start":{"line":12,"column":2},"end":{"line":12,"column":7}},"loc":{"start":{"line":12,"column":86},"end":{"line":22,"column":3}}},"2":{"name":"(anonymous_3)","decl":{"start":{"line":24,"column":2},"end":{"line":24,"column":7}},"loc":{"start":{"line":24,"column":15},"end":{"line":26,"column":3}}},"3":{"name":"(anonymous_4)","decl":{"start":{"line":28,"column":2},"end":{"line":28,"column":7}},"loc":{"start":{"line":28,"column":26},"end":{"line":32,"column":3}}},"4":{"name":"(anonymous_5)","decl":{"start":{"line":34,"column":2},"end":{"line":34,"column":7}},"loc":{"start":{"line":34,"column":49},"end":{"line":41,"column":3}}},"5":{"name":"(anonymous_6)","decl":{"start":{"line":43,"column":2},"end":{"line":43,"column":7}},"loc":{"start":{"line":43,"column":25},"end":{"line":46,"column":3}}},"6":{"name":"(anonymous_7)","decl":{"start":{"line":48,"column":2},"end":{"line":48,"column":7}},"loc":{"start":{"line":48,"column":33},"end":{"line":50,"column":3}}}},"branchMap":{"0":{"loc":{"start":{"line":15,"column":4},"end":{"line":15,"column":55}},"type":"if","locations":[{"start":{"line":15,"column":4},"end":{"line":15,"column":55}}]},"1":{"loc":{"start":{"line":17,"column":23},"end":{"line":19,"column":57}},"type":"cond-expr","locations":[{"start":{"line":18,"column":8},"end":{"line":18,"column":63}},{"start":{"line":19,"column":8},"end":{"line":19,"column":57}}]},"2":{"loc":{"start":{"line":30,"column":4},"end":{"line":30,"column":45}},"type":"if","locations":[{"start":{"line":30,"column":4},"end":{"line":30,"column":45}}]},"3":{"loc":{"start":{"line":36,"column":4},"end":{"line":38,"column":5}},"type":"if","locations":[{"start":{"line":36,"column":4},"end":{"line":38,"column":5}}]}},"s":{"0":3,"1":3,"2":3,"3":3,"4":3,"5":3,"6":3,"7":3,"8":1,"9":1,"10":1,"11":0,"12":1,"13":1,"14":1,"15":1,"16":1,"17":1,"18":1,"19":0,"20":1,"21":0,"22":0,"23":0,"24":0,"25":0,"26":0,"27":0,"28":0,"29":3,"30":3},"f":{"0":3,"1":1,"2":1,"3":1,"4":0,"5":0,"6":0},"b":{"0":[0],"1":[1,0],"2":[0],"3":[0]}}
,"C:\\Users\\guilh\\Downloads\\simple-articles-crud\\test\\test-datasource.ts": {"path":"C:\\Users\\guilh\\Downloads\\simple-articles-crud\\test\\test-datasource.ts","statementMap":{"0":{"start":{"line":1,"column":0},"end":{"line":1,"column":37}},"1":{"start":{"line":2,"column":0},"end":{"line":2,"column":51}},"2":{"start":{"line":3,"column":0},"end":{"line":3,"column":63}},"3":{"start":{"line":4,"column":0},"end":{"line":4,"column":57}},"4":{"start":{"line":6,"column":13},"end":{"line":13,"column":3}}},"fnMap":{},"branchMap":{},"s":{"0":3,"1":3,"2":3,"3":3,"4":3},"f":{},"b":{}}
}
