TN:
SF:src\data-source.ts
FNF:0
FNH:0
DA:1,3
DA:2,3
DA:3,3
DA:4,3
DA:5,3
DA:6,3
DA:8,3
LF:7
LH:7
BRDA:10,0,0,3
BRDA:10,0,1,0
BRDA:11,1,0,3
BRDA:11,1,1,0
BRDA:12,2,0,3
BRDA:12,2,1,0
BRDA:13,3,0,3
BRDA:13,3,1,0
BRDA:14,4,0,3
BRDA:14,4,1,0
BRF:10
BRH:5
end_of_record
TN:
SF:src\articles\articles.service.ts
FN:7,(anonymous_1)
FN:11,(anonymous_2)
FN:18,(anonymous_3)
FN:22,(anonymous_4)
FN:28,(anonymous_5)
FN:34,(anonymous_6)
FNF:6
FNH:6
FNDA:12,(anonymous_1)
FNDA:9,(anonymous_2)
FNDA:3,(anonymous_3)
FNDA:9,(anonymous_4)
FNDA:3,(anonymous_5)
FNDA:2,(anonymous_6)
DA:1,1
DA:2,1
DA:3,1
DA:4,1
DA:7,1
DA:8,12
DA:9,12
DA:12,9
DA:13,9
DA:14,8
DA:15,8
DA:19,3
DA:23,9
DA:24,9
DA:25,5
DA:29,3
DA:30,2
DA:31,2
DA:35,2
DA:36,1
LF:20
LH:20
BRDA:13,0,0,1
BRDA:24,1,0,4
BRF:2
BRH:2
end_of_record
TN:
SF:src\auth\auth.service.ts
FN:11,(anonymous_2)
FN:13,(anonymous_3)
FN:24,(anonymous_4)
FNF:3
FNH:3
FNDA:1,(anonymous_2)
FNDA:5,(anonymous_3)
FNDA:4,(anonymous_4)
DA:1,1
DA:3,1
DA:4,1
DA:5,1
DA:6,1
DA:9,1
DA:10,1
DA:11,1
DA:14,5
DA:15,5
DA:16,4
DA:17,4
DA:18,3
DA:19,3
DA:21,1
DA:25,4
DA:26,4
LF:17
LH:17
BRDA:15,0,0,1
BRDA:17,1,0,3
BRF:2
BRH:2
end_of_record
TN:
SF:src\entities\article.entity.ts
FN:18,(anonymous_2)
FN:18,(anonymous_3)
FNF:2
FNH:2
FNDA:3,(anonymous_2)
FNDA:3,(anonymous_3)
DA:1,3
DA:2,3
DA:5,3
DA:7,3
DA:10,3
DA:13,3
DA:16,3
DA:18,3
DA:19,3
LF:9
LH:9
BRF:0
BRH:0
end_of_record
TN:
SF:src\entities\permission.entity.ts
FN:15,(anonymous_2)
FN:15,(anonymous_3)
FNF:2
FNH:2
FNDA:3,(anonymous_2)
FNDA:3,(anonymous_3)
DA:1,3
DA:2,3
DA:5,3
DA:7,3
DA:10,3
DA:13,3
DA:15,3
DA:16,3
LF:8
LH:8
BRF:0
BRH:0
end_of_record
TN:
SF:src\entities\user.entity.ts
FN:19,(anonymous_2)
FN:19,(anonymous_3)
FN:22,(anonymous_4)
FN:22,(anonymous_5)
FNF:4
FNH:4
FNDA:3,(anonymous_2)
FNDA:3,(anonymous_3)
FNDA:3,(anonymous_4)
FNDA:3,(anonymous_5)
DA:1,3
DA:2,3
DA:3,3
DA:6,3
DA:8,3
DA:11,3
DA:14,3
DA:17,3
DA:19,3
DA:20,3
DA:22,3
DA:23,3
LF:12
LH:12
BRF:0
BRH:0
end_of_record
TN:
SF:src\users\users.service.ts
FN:8,(anonymous_1)
FN:12,(anonymous_2)
FN:24,(anonymous_3)
FN:28,(anonymous_4)
FN:34,(anonymous_5)
FN:43,(anonymous_6)
FN:48,(anonymous_7)
FNF:7
FNH:7
FNDA:34,(anonymous_1)
FNDA:20,(anonymous_2)
FNDA:3,(anonymous_3)
FNDA:13,(anonymous_4)
FNDA:6,(anonymous_5)
FNDA:2,(anonymous_6)
FNDA:4,(anonymous_7)
DA:1,2
DA:2,2
DA:3,2
DA:4,2
DA:5,2
DA:8,2
DA:9,34
DA:10,34
DA:13,20
DA:14,20
DA:15,20
DA:16,19
DA:17,19
DA:20,19
DA:21,19
DA:25,3
DA:29,13
DA:30,13
DA:31,9
DA:35,6
DA:36,5
DA:37,2
DA:39,5
DA:40,5
DA:44,2
DA:45,1
DA:49,4
LF:27
LH:27
BRDA:15,0,0,1
BRDA:17,1,0,6
BRDA:17,1,1,13
BRDA:30,2,0,4
BRDA:36,3,0,2
BRF:5
BRH:5
end_of_record
TN:
SF:test\test-datasource.ts
FNF:0
FNH:0
DA:1,3
DA:2,3
DA:3,3
DA:4,3
DA:6,3
LF:5
LH:5
BRF:0
BRH:0
end_of_record
